2016-03-27 17:46:14.098+0000 INFO  [o.n.k.InternalAbstractGraphDatabase]: No locking implementation specified, defaulting to 'community'
2016-03-27 17:46:14.182+0000 INFO  [o.n.k.i.DiagnosticsManager]: --- INITIALIZED diagnostics START ---
2016-03-27 17:46:14.182+0000 INFO  [o.n.k.i.DiagnosticsManager]: Neo4j Kernel properties:
2016-03-27 17:46:14.182+0000 INFO  [o.n.k.i.DiagnosticsManager]: store_dir=default.graphdb
2016-03-27 17:46:14.197+0000 INFO  [o.n.k.i.DiagnosticsManager]: ephemeral=false
2016-03-27 17:46:14.197+0000 INFO  [o.n.k.i.DiagnosticsManager]: Diagnostics providers:
2016-03-27 17:46:14.197+0000 INFO  [o.n.k.i.DiagnosticsManager]: org.neo4j.kernel.configuration.Config
2016-03-27 17:46:14.197+0000 INFO  [o.n.k.i.DiagnosticsManager]: org.neo4j.kernel.info.DiagnosticsManager
2016-03-27 17:46:14.197+0000 INFO  [o.n.k.i.DiagnosticsManager]: SYSTEM_MEMORY
2016-03-27 17:46:14.197+0000 INFO  [o.n.k.i.DiagnosticsManager]: JAVA_MEMORY
2016-03-27 17:46:14.197+0000 INFO  [o.n.k.i.DiagnosticsManager]: OPERATING_SYSTEM
2016-03-27 17:46:14.197+0000 INFO  [o.n.k.i.DiagnosticsManager]: JAVA_VIRTUAL_MACHINE
2016-03-27 17:46:14.197+0000 INFO  [o.n.k.i.DiagnosticsManager]: CLASSPATH
2016-03-27 17:46:14.197+0000 INFO  [o.n.k.i.DiagnosticsManager]: LIBRARY_PATH
2016-03-27 17:46:14.197+0000 INFO  [o.n.k.i.DiagnosticsManager]: SYSTEM_PROPERTIES
2016-03-27 17:46:14.197+0000 INFO  [o.n.k.i.DiagnosticsManager]: NETWORK
2016-03-27 17:46:14.197+0000 INFO  [o.n.k.i.DiagnosticsManager]: System memory information:
2016-03-27 17:46:14.197+0000 INFO  [o.n.k.i.DiagnosticsManager]: Total Physical memory: 7.58 GB
2016-03-27 17:46:14.197+0000 INFO  [o.n.k.i.DiagnosticsManager]: Free Physical memory: 2.52 GB
2016-03-27 17:46:14.197+0000 INFO  [o.n.k.i.DiagnosticsManager]: Committed virtual memory: 728.83 MB
2016-03-27 17:46:14.197+0000 INFO  [o.n.k.i.DiagnosticsManager]: Total swap space: 9.49 GB
2016-03-27 17:46:14.197+0000 INFO  [o.n.k.i.DiagnosticsManager]: Free swap space: 1.19 GB
2016-03-27 17:46:14.197+0000 INFO  [o.n.k.i.DiagnosticsManager]: JVM memory information:
2016-03-27 17:46:14.197+0000 INFO  [o.n.k.i.DiagnosticsManager]: Free  memory: 184.74 MB
2016-03-27 17:46:14.197+0000 INFO  [o.n.k.i.DiagnosticsManager]: Total memory: 344.00 MB
2016-03-27 17:46:14.197+0000 INFO  [o.n.k.i.DiagnosticsManager]: Max   memory: 1.68 GB
2016-03-27 17:46:14.197+0000 INFO  [o.n.k.i.DiagnosticsManager]: Garbage Collector: PS Scavenge: [PS Eden Space, PS Survivor Space]
2016-03-27 17:46:14.197+0000 INFO  [o.n.k.i.DiagnosticsManager]: Garbage Collector: PS MarkSweep: [PS Eden Space, PS Survivor Space, PS Old Gen, PS Perm Gen]
2016-03-27 17:46:14.197+0000 INFO  [o.n.k.i.DiagnosticsManager]: Memory Pool: Code Cache (Non-heap memory): committed=3.69 MB, used=3.41 MB, max=48.00 MB, threshold=0.00 B
2016-03-27 17:46:14.197+0000 INFO  [o.n.k.i.DiagnosticsManager]: Memory Pool: PS Eden Space (Heap memory): committed=236.00 MB, used=91.36 MB, max=585.50 MB, threshold=?
2016-03-27 17:46:14.197+0000 INFO  [o.n.k.i.DiagnosticsManager]: Memory Pool: PS Survivor Space (Heap memory): committed=27.50 MB, used=27.48 MB, max=27.50 MB, threshold=?
2016-03-27 17:46:14.197+0000 INFO  [o.n.k.i.DiagnosticsManager]: Memory Pool: PS Old Gen (Heap memory): committed=80.50 MB, used=40.42 MB, max=1.26 GB, threshold=0.00 B
2016-03-27 17:46:14.197+0000 INFO  [o.n.k.i.DiagnosticsManager]: Memory Pool: PS Perm Gen (Non-heap memory): committed=46.50 MB, used=46.15 MB, max=82.00 MB, threshold=0.00 B
2016-03-27 17:46:14.197+0000 INFO  [o.n.k.i.DiagnosticsManager]: Operating system information:
2016-03-27 17:46:14.197+0000 INFO  [o.n.k.i.DiagnosticsManager]: Operating System: Windows 8.1; version: 6.3; arch: amd64; cpus: 8
2016-03-27 17:46:14.197+0000 INFO  [o.n.k.i.DiagnosticsManager]: Process id: 11896@DESKTOP-DDMNCLG
2016-03-27 17:46:14.197+0000 INFO  [o.n.k.i.DiagnosticsManager]: Byte order: LITTLE_ENDIAN
2016-03-27 17:46:14.197+0000 INFO  [o.n.k.i.DiagnosticsManager]: Local timezone: Europe/Helsinki
2016-03-27 17:46:14.197+0000 INFO  [o.n.k.i.DiagnosticsManager]: JVM information:
2016-03-27 17:46:14.197+0000 INFO  [o.n.k.i.DiagnosticsManager]: VM Name: Java HotSpot(TM) 64-Bit Server VM
2016-03-27 17:46:14.197+0000 INFO  [o.n.k.i.DiagnosticsManager]: VM Vendor: Oracle Corporation
2016-03-27 17:46:14.197+0000 INFO  [o.n.k.i.DiagnosticsManager]: VM Version: 24.79-b02
2016-03-27 17:46:14.197+0000 INFO  [o.n.k.i.DiagnosticsManager]: JIT compiler: HotSpot 64-Bit Tiered Compilers
2016-03-27 17:46:14.197+0000 INFO  [o.n.k.i.DiagnosticsManager]: VM Arguments: [-Dclassworlds.conf=C:/Users/rroxa/Documents/apache-maven-3.3.9/bin/m2.conf, -Dmaven.home=C:/Users/rroxa/Documents/apache-maven-3.3.9, -Dmaven.multiModuleProjectDirectory=C:/Users/rroxa/Documents/universe-neo4j/graph]
2016-03-27 17:46:14.197+0000 INFO  [o.n.k.i.DiagnosticsManager]: Java classpath:
2016-03-27 17:46:14.220+0000 INFO  [o.n.k.i.DiagnosticsManager]:  [loader.0] file:/C:/Users/rroxa/.m2/repository/org/springframework/spring-core/4.2.5.RELEASE/spring-core-4.2.5.RELEASE.jar
2016-03-27 17:46:14.220+0000 INFO  [o.n.k.i.DiagnosticsManager]:  [loader.0] file:/C:/Users/rroxa/.m2/repository/org/springframework/data/spring-data-neo4j/4.0.0.RELEASE/spring-data-neo4j-4.0.0.RELEASE.jar
2016-03-27 17:46:14.220+0000 INFO  [o.n.k.i.DiagnosticsManager]:  [loader.0] file:/C:/Users/rroxa/.m2/repository/org/mozilla/rhino/1.7R4/rhino-1.7R4.jar
2016-03-27 17:46:14.220+0000 INFO  [o.n.k.i.DiagnosticsManager]:  [loader.0] file:/C:/Users/rroxa/.m2/repository/org/eclipse/jetty/jetty-security/9.2.15.v20160210/jetty-security-9.2.15.v20160210.jar
2016-03-27 17:46:14.220+0000 INFO  [o.n.k.i.DiagnosticsManager]:  [loader.0] file:/C:/Users/rroxa/.m2/repository/commons-digester/commons-digester/2.1/commons-digester-2.1.jar
2016-03-27 17:46:14.220+0000 INFO  [o.n.k.i.DiagnosticsManager]:  [loader.0] file:/C:/Users/rroxa/.m2/repository/org/apache/httpcomponents/httpcore/4.4.4/httpcore-4.4.4.jar
2016-03-27 17:46:14.220+0000 INFO  [o.n.k.i.DiagnosticsManager]:  [loader.0] file:/C:/Users/rroxa/.m2/repository/org/neo4j/neo4j-cypher-compiler-1.9/2.0.4/neo4j-cypher-compiler-1.9-2.0.4.jar
2016-03-27 17:46:14.220+0000 INFO  [o.n.k.i.DiagnosticsManager]:  [loader.0] file:/C:/Users/rroxa/.m2/repository/org/apache/tomcat/embed/tomcat-embed-core/8.0.32/tomcat-embed-core-8.0.32.jar
2016-03-27 17:46:14.220+0000 INFO  [o.n.k.i.DiagnosticsManager]:  [loader.0] file:/C:/Users/rroxa/.m2/repository/org/neo4j/neo4j-consistency-check/2.2.5/neo4j-consistency-check-2.2.5.jar
2016-03-27 17:46:14.220+0000 INFO  [o.n.k.i.DiagnosticsManager]:  [loader.0] file:/C:/Users/rroxa/.m2/repository/org/springframework/spring-aop/4.2.5.RELEASE/spring-aop-4.2.5.RELEASE.jar
2016-03-27 17:46:14.220+0000 INFO  [o.n.k.i.DiagnosticsManager]:  [loader.0] file:/C:/Users/rroxa/.m2/repository/org/yaml/snakeyaml/1.16/snakeyaml-1.16.jar
2016-03-27 17:46:14.220+0000 INFO  [o.n.k.i.DiagnosticsManager]:  [loader.0] file:/C:/Users/rroxa/.m2/repository/org/hibernate/hibernate-validator/5.2.4.Final/hibernate-validator-5.2.4.Final.jar
2016-03-27 17:46:14.220+0000 INFO  [o.n.k.i.DiagnosticsManager]:  [loader.0] file:/C:/Users/rroxa/.m2/repository/org/rrd4j/rrd4j/2.2/rrd4j-2.2.jar
2016-03-27 17:46:14.220+0000 INFO  [o.n.k.i.DiagnosticsManager]:  [loader.2] file:/C:/Program%20Files/Java/jdk1.7.0_79/jre/lib/ext/sunmscapi.jar
2016-03-27 17:46:14.220+0000 INFO  [o.n.k.i.DiagnosticsManager]:  [loader.0] file:/C:/Users/rroxa/.m2/repository/commons-codec/commons-codec/1.9/commons-codec-1.9.jar
2016-03-27 17:46:14.220+0000 INFO  [o.n.k.i.DiagnosticsManager]:  [loader.0] file:/C:/Users/rroxa/.m2/repository/org/neo4j/neo4j/2.2.5/neo4j-2.2.5.pom
2016-03-27 17:46:14.220+0000 INFO  [o.n.k.i.DiagnosticsManager]:  [loader.0] file:/C:/Users/rroxa/.m2/repository/bouncycastle/bcprov-jdk16/140/bcprov-jdk16-140.jar
2016-03-27 17:46:14.220+0000 INFO  [o.n.k.i.DiagnosticsManager]:  [loader.0] file:/C:/Users/rroxa/.m2/repository/org/apache/lucene/lucene-core/3.6.2/lucene-core-3.6.2.jar
2016-03-27 17:46:14.220+0000 INFO  [o.n.k.i.DiagnosticsManager]:  [loader.0] file:/C:/Users/rroxa/.m2/repository/org/neo4j/neo4j-kernel/2.2.5/neo4j-kernel-2.2.5.jar
2016-03-27 17:46:14.220+0000 INFO  [o.n.k.i.DiagnosticsManager]:  [loader.0] file:/C:/Users/rroxa/.m2/repository/org/springframework/boot/spring-boot-starter-tomcat/1.3.3.RELEASE/spring-boot-starter-tomcat-1.3.3.RELEASE.jar
2016-03-27 17:46:14.220+0000 INFO  [o.n.k.i.DiagnosticsManager]:  [loader.0] file:/C:/Users/rroxa/.m2/repository/org/neo4j/neo4j-cypher-compiler-2.1/2.1.8/neo4j-cypher-compiler-2.1-2.1.8.jar
2016-03-27 17:46:14.220+0000 INFO  [o.n.k.i.DiagnosticsManager]:  [loader.0] file:/C:/Users/rroxa/.m2/repository/org/eclipse/jetty/jetty-xml/9.2.15.v20160210/jetty-xml-9.2.15.v20160210.jar
2016-03-27 17:46:14.220+0000 INFO  [o.n.k.i.DiagnosticsManager]:  [loader.0] file:/C:/Users/rroxa/.m2/repository/org/neo4j/neo4j-ogm/1.1.2/neo4j-ogm-1.1.2.jar
2016-03-27 17:46:14.220+0000 INFO  [o.n.k.i.DiagnosticsManager]:  [loader.0] file:/C:/Users/rroxa/.m2/repository/com/fasterxml/jackson/core/jackson-databind/2.6.5/jackson-databind-2.6.5.jar
2016-03-27 17:46:14.220+0000 INFO  [o.n.k.i.DiagnosticsManager]:  [loader.2] file:/C:/Program%20Files/Java/jdk1.7.0_79/jre/lib/ext/zipfs.jar
2016-03-27 17:46:14.220+0000 INFO  [o.n.k.i.DiagnosticsManager]:  [bootstrap] C:\Program Files\Java\jdk1.7.0_79\jre\lib\jfr.jar
2016-03-27 17:46:14.220+0000 INFO  [o.n.k.i.DiagnosticsManager]:  [loader.0] file:/C:/Users/rroxa/.m2/repository/org/eclipse/jetty/jetty-http/9.2.15.v20160210/jetty-http-9.2.15.v20160210.jar
2016-03-27 17:46:14.220+0000 INFO  [o.n.k.i.DiagnosticsManager]:  [loader.0] file:/C:/Users/rroxa/.m2/repository/org/codehaus/jackson/jackson-jaxrs/1.9.13/jackson-jaxrs-1.9.13.jar
2016-03-27 17:46:14.220+0000 INFO  [o.n.k.i.DiagnosticsManager]:  [loader.0] file:/C:/Users/rroxa/.m2/repository/org/springframework/boot/spring-boot-autoconfigure/1.3.3.RELEASE/spring-boot-autoconfigure-1.3.3.RELEASE.jar
2016-03-27 17:46:14.220+0000 INFO  [o.n.k.i.DiagnosticsManager]:  [loader.0] file:/C:/Users/rroxa/.m2/repository/org/codehaus/janino/commons-compiler/2.7.8/commons-compiler-2.7.8.jar
2016-03-27 17:46:14.220+0000 INFO  [o.n.k.i.DiagnosticsManager]:  [loader.0] file:/C:/Users/rroxa/.m2/repository/org/eclipse/jetty/jetty-servlet/9.2.15.v20160210/jetty-servlet-9.2.15.v20160210.jar
2016-03-27 17:46:14.220+0000 INFO  [o.n.k.i.DiagnosticsManager]:  [loader.2] file:/C:/Program%20Files/Java/jdk1.7.0_79/jre/lib/ext/access-bridge-64.jar
2016-03-27 17:46:14.220+0000 INFO  [o.n.k.i.DiagnosticsManager]:  [loader.0] file:/C:/Users/rroxa/.m2/repository/org/springframework/spring-web/4.2.5.RELEASE/spring-web-4.2.5.RELEASE.jar
2016-03-27 17:46:14.220+0000 INFO  [o.n.k.i.DiagnosticsManager]:  [loader.0] file:/C:/Users/rroxa/.m2/repository/org/springframework/spring-test/4.0.5.RELEASE/spring-test-4.0.5.RELEASE.jar
2016-03-27 17:46:14.220+0000 INFO  [o.n.k.i.DiagnosticsManager]:  [loader.2] file:/C:/Program%20Files/Java/jdk1.7.0_79/jre/lib/ext/localedata.jar
2016-03-27 17:46:14.220+0000 INFO  [o.n.k.i.DiagnosticsManager]:  [loader.2] file:/C:/Program%20Files/Java/jdk1.7.0_79/jre/lib/ext/jaccess.jar
2016-03-27 17:46:14.220+0000 INFO  [o.n.k.i.DiagnosticsManager]:  [loader.2] file:/C:/Program%20Files/Java/jdk1.7.0_79/jre/lib/ext/dnsns.jar
2016-03-27 17:46:14.220+0000 INFO  [o.n.k.i.DiagnosticsManager]:  [loader.0] file:/C:/Users/rroxa/.m2/repository/org/neo4j/neo4j-primitive-collections/2.2.5/neo4j-primitive-collections-2.2.5.jar
2016-03-27 17:46:14.220+0000 INFO  [o.n.k.i.DiagnosticsManager]:  [loader.0] file:/C:/Users/rroxa/.m2/repository/com/google/guava/guava/r05/guava-r05.jar
2016-03-27 17:46:14.220+0000 INFO  [o.n.k.i.DiagnosticsManager]:  [bootstrap] C:\Program Files\Java\jdk1.7.0_79\jre\lib\resources.jar
2016-03-27 17:46:14.220+0000 INFO  [o.n.k.i.DiagnosticsManager]:  [loader.0] file:/C:/Users/rroxa/.m2/repository/com/sun/jersey/contribs/jersey-multipart/1.19/jersey-multipart-1.19.jar
2016-03-27 17:46:14.220+0000 INFO  [o.n.k.i.DiagnosticsManager]:  [loader.0] file:/C:/Users/rroxa/.m2/repository/ch/qos/logback/logback-access/1.1.5/logback-access-1.1.5.jar
2016-03-27 17:46:14.220+0000 INFO  [o.n.k.i.DiagnosticsManager]:  [loader.0] file:/C:/Users/rroxa/.m2/repository/com/googlecode/concurrentlinkedhashmap/concurrentlinkedhashmap-lru/1.4/concurrentlinkedhashmap-lru-1.4.jar
2016-03-27 17:46:14.220+0000 INFO  [o.n.k.i.DiagnosticsManager]:  [loader.0] file:/C:/Users/rroxa/.m2/repository/log4j/log4j/1.2.17/log4j-1.2.17.jar
2016-03-27 17:46:14.220+0000 INFO  [o.n.k.i.DiagnosticsManager]:  [loader.0] file:/C:/Users/rroxa/.m2/repository/org/apache/tomcat/embed/tomcat-embed-el/8.0.32/tomcat-embed-el-8.0.32.jar
2016-03-27 17:46:14.220+0000 INFO  [o.n.k.i.DiagnosticsManager]:  [loader.0] file:/C:/Users/rroxa/.m2/repository/aopalliance/aopalliance/1.0/aopalliance-1.0.jar
2016-03-27 17:46:14.220+0000 INFO  [o.n.k.i.DiagnosticsManager]:  [bootstrap] C:\Program Files\Java\jdk1.7.0_79\jre\classes
2016-03-27 17:46:14.220+0000 INFO  [o.n.k.i.DiagnosticsManager]:  [loader.0] file:/C:/Users/rroxa/.m2/repository/org/neo4j/server-api/2.2.5/server-api-2.2.5.jar
2016-03-27 17:46:14.220+0000 INFO  [o.n.k.i.DiagnosticsManager]:  [loader.0] file:/C:/Users/rroxa/.m2/repository/com/fasterxml/jackson/core/jackson-core/2.6.5/jackson-core-2.6.5.jar
2016-03-27 17:46:14.220+0000 INFO  [o.n.k.i.DiagnosticsManager]:  [loader.0] file:/C:/Users/rroxa/.m2/repository/org/springframework/spring-webmvc/4.2.5.RELEASE/spring-webmvc-4.2.5.RELEASE.jar
2016-03-27 17:46:14.220+0000 INFO  [o.n.k.i.DiagnosticsManager]:  [loader.0] file:/C:/Users/rroxa/.m2/repository/org/springframework/data/spring-data-commons/1.11.4.RELEASE/spring-data-commons-1.11.4.RELEASE.jar
2016-03-27 17:46:14.220+0000 INFO  [o.n.k.i.DiagnosticsManager]:  [loader.0] file:/C:/Users/rroxa/.m2/repository/org/neo4j/neo4j-graph-matching/2.2.5/neo4j-graph-matching-2.2.5.jar
2016-03-27 17:46:14.220+0000 INFO  [o.n.k.i.DiagnosticsManager]:  [loader.0] file:/C:/Users/rroxa/.m2/repository/org/slf4j/jcl-over-slf4j/1.7.16/jcl-over-slf4j-1.7.16.jar
2016-03-27 17:46:14.220+0000 INFO  [o.n.k.i.DiagnosticsManager]:  [loader.0] file:/C:/Users/rroxa/.m2/repository/javax/validation/validation-api/1.1.0.Final/validation-api-1.1.0.Final.jar
2016-03-27 17:46:14.220+0000 INFO  [o.n.k.i.DiagnosticsManager]:  [loader.0] file:/C:/Users/rroxa/.m2/repository/org/jboss/logging/jboss-logging/3.3.0.Final/jboss-logging-3.3.0.Final.jar
2016-03-27 17:46:14.220+0000 INFO  [o.n.k.i.DiagnosticsManager]:  [loader.0] file:/C:/Users/rroxa/.m2/repository/commons-lang/commons-lang/2.6/commons-lang-2.6.jar
2016-03-27 17:46:14.220+0000 INFO  [o.n.k.i.DiagnosticsManager]:  [loader.0] file:/C:/Users/rroxa/.m2/repository/org/neo4j/app/neo4j-server/2.2.5/neo4j-server-2.2.5.jar
2016-03-27 17:46:14.220+0000 INFO  [o.n.k.i.DiagnosticsManager]:  [loader.0] file:/C:/Users/rroxa/.m2/repository/commons-logging/commons-logging/1.1.1/commons-logging-1.1.1.jar
2016-03-27 17:46:14.220+0000 INFO  [o.n.k.i.DiagnosticsManager]:  [loader.0] file:/C:/Users/rroxa/.m2/repository/org/neo4j/neo4j-cypher-compiler-2.0/2.0.4/neo4j-cypher-compiler-2.0-2.0.4.jar
2016-03-27 17:46:14.220+0000 INFO  [o.n.k.i.DiagnosticsManager]:  [loader.0] file:/C:/Users/rroxa/.m2/repository/ch/qos/logback/logback-classic/1.1.5/logback-classic-1.1.5.jar
2016-03-27 17:46:14.220+0000 INFO  [o.n.k.i.DiagnosticsManager]:  [loader.0] file:/C:/Users/rroxa/.m2/repository/org/springframework/boot/spring-boot-starter-web/1.3.3.RELEASE/spring-boot-starter-web-1.3.3.RELEASE.jar
2016-03-27 17:46:14.220+0000 INFO  [o.n.k.i.DiagnosticsManager]:  [loader.0] file:/C:/Users/rroxa/.m2/repository/org/apache/httpcomponents/httpclient/4.5.1/httpclient-4.5.1.jar
2016-03-27 17:46:14.220+0000 INFO  [o.n.k.i.DiagnosticsManager]:  [loader.0] file:/C:/Users/rroxa/.m2/repository/javax/servlet/javax.servlet-api/3.1.0/javax.servlet-api-3.1.0.jar
2016-03-27 17:46:14.220+0000 INFO  [o.n.k.i.DiagnosticsManager]:  [loader.0] file:/C:/Users/rroxa/.m2/repository/org/neo4j/neo4j-lucene-index/2.2.5/neo4j-lucene-index-2.2.5.jar
2016-03-27 17:46:14.236+0000 INFO  [o.n.k.i.DiagnosticsManager]:  [loader.0] file:/C:/Users/rroxa/.m2/repository/ch/qos/logback/logback-core/1.1.5/logback-core-1.1.5.jar
2016-03-27 17:46:14.236+0000 INFO  [o.n.k.i.DiagnosticsManager]:  [classpath + loader.1] file:/C:/Users/rroxa/Documents/apache-maven-3.3.9/boot/plexus-classworlds-2.5.2.jar
2016-03-27 17:46:14.236+0000 INFO  [o.n.k.i.DiagnosticsManager]:  [loader.0] file:/C:/Users/rroxa/.m2/repository/org/neo4j/neo4j-cypher/2.2.5/neo4j-cypher-2.2.5.jar
2016-03-27 17:46:14.236+0000 INFO  [o.n.k.i.DiagnosticsManager]:  [loader.0] file:/C:/Users/rroxa/.m2/repository/com/sun/jersey/jersey-core/1.19/jersey-core-1.19.jar
2016-03-27 17:46:14.236+0000 INFO  [o.n.k.i.DiagnosticsManager]:  [loader.0] file:/C:/Users/rroxa/.m2/repository/org/eclipse/jetty/jetty-io/9.2.15.v20160210/jetty-io-9.2.15.v20160210.jar
2016-03-27 17:46:14.236+0000 INFO  [o.n.k.i.DiagnosticsManager]:  [loader.0] file:/C:/Users/rroxa/.m2/repository/com/fasterxml/jackson/core/jackson-annotations/2.6.5/jackson-annotations-2.6.5.jar
2016-03-27 17:46:14.236+0000 INFO  [o.n.k.i.DiagnosticsManager]:  [loader.0] file:/C:/Users/rroxa/.m2/repository/org/springframework/boot/spring-boot-starter-logging/1.3.3.RELEASE/spring-boot-starter-logging-1.3.3.RELEASE.jar
2016-03-27 17:46:14.236+0000 INFO  [o.n.k.i.DiagnosticsManager]:  [loader.0] file:/C:/Users/rroxa/.m2/repository/org/apache/tomcat/embed/tomcat-embed-websocket/8.0.32/tomcat-embed-websocket-8.0.32.jar
2016-03-27 17:46:14.236+0000 INFO  [o.n.k.i.DiagnosticsManager]:  [bootstrap] C:\Program Files\Java\jdk1.7.0_79\jre\lib\jce.jar
2016-03-27 17:46:14.236+0000 INFO  [o.n.k.i.DiagnosticsManager]:  [loader.0] file:/C:/Users/rroxa/.m2/repository/org/neo4j/neo4j-graph-algo/2.2.5/neo4j-graph-algo-2.2.5.jar
2016-03-27 17:46:14.236+0000 INFO  [o.n.k.i.DiagnosticsManager]:  [loader.0] file:/C:/Users/rroxa/.m2/repository/org/eclipse/jetty/jetty-server/9.2.15.v20160210/jetty-server-9.2.15.v20160210.jar
2016-03-27 17:46:14.236+0000 INFO  [o.n.k.i.DiagnosticsManager]:  [bootstrap] C:\Program Files\Java\jdk1.7.0_79\jre\lib\rt.jar
2016-03-27 17:46:14.236+0000 INFO  [o.n.k.i.DiagnosticsManager]:  [loader.0] file:/C:/Users/rroxa/.m2/repository/org/neo4j/neo4j-shell/2.2.5/neo4j-shell-2.2.5.jar
2016-03-27 17:46:14.236+0000 INFO  [o.n.k.i.DiagnosticsManager]:  [loader.0] file:/C:/Users/rroxa/.m2/repository/org/neo4j/neo4j/2.2.5/neo4j-2.2.5.jar
2016-03-27 17:46:14.236+0000 INFO  [o.n.k.i.DiagnosticsManager]:  [loader.0] file:/C:/Users/rroxa/.m2/repository/com/sun/jersey/jersey-server/1.19/jersey-server-1.19.jar
2016-03-27 17:46:14.236+0000 INFO  [o.n.k.i.DiagnosticsManager]:  [loader.0] file:/C:/Users/rroxa/.m2/repository/org/slf4j/jul-to-slf4j/1.7.16/jul-to-slf4j-1.7.16.jar
2016-03-27 17:46:14.236+0000 INFO  [o.n.k.i.DiagnosticsManager]:  [loader.0] file:/C:/Users/rroxa/.m2/repository/org/neo4j/neo4j-csv/2.2.5/neo4j-csv-2.2.5.jar
2016-03-27 17:46:14.236+0000 INFO  [o.n.k.i.DiagnosticsManager]:  [loader.0] file:/C:/Users/rroxa/.m2/repository/org/springframework/spring-beans/4.2.5.RELEASE/spring-beans-4.2.5.RELEASE.jar
2016-03-27 17:46:14.236+0000 INFO  [o.n.k.i.DiagnosticsManager]:  [loader.0] file:/C:/Users/rroxa/.m2/repository/org/apache/servicemix/bundles/org.apache.servicemix.bundles.jline/0.9.94_1/org.apache.servicemix.bundles.jline-0.9.94_1.jar
2016-03-27 17:46:14.236+0000 INFO  [o.n.k.i.DiagnosticsManager]:  [loader.0] file:/C:/Users/rroxa/.m2/repository/org/springframework/spring-expression/4.2.5.RELEASE/spring-expression-4.2.5.RELEASE.jar
2016-03-27 17:46:14.236+0000 INFO  [o.n.k.i.DiagnosticsManager]:  [loader.0] file:/C:/Users/rroxa/.m2/repository/net/sf/opencsv/opencsv/2.3/opencsv-2.3.jar
2016-03-27 17:46:14.236+0000 INFO  [o.n.k.i.DiagnosticsManager]:  [loader.0] file:/C:/Users/rroxa/.m2/repository/org/codehaus/janino/janino/2.7.8/janino-2.7.8.jar
2016-03-27 17:46:14.236+0000 INFO  [o.n.k.i.DiagnosticsManager]:  [loader.0] file:/C:/Users/rroxa/.m2/repository/org/apache/tomcat/embed/tomcat-embed-logging-juli/8.0.32/tomcat-embed-logging-juli-8.0.32.jar
2016-03-27 17:46:14.236+0000 INFO  [o.n.k.i.DiagnosticsManager]:  [loader.0] file:/C:/Users/rroxa/.m2/repository/org/parboiled/parboiled-core/1.1.7/parboiled-core-1.1.7.jar
2016-03-27 17:46:14.236+0000 INFO  [o.n.k.i.DiagnosticsManager]:  [bootstrap] C:\Program Files\Java\jdk1.7.0_79\jre\lib\charsets.jar
2016-03-27 17:46:14.236+0000 INFO  [o.n.k.i.DiagnosticsManager]:  [loader.0] file:/C:/Users/rroxa/.m2/repository/org/neo4j/neo4j-jmx/2.2.5/neo4j-jmx-2.2.5.jar
2016-03-27 17:46:14.236+0000 INFO  [o.n.k.i.DiagnosticsManager]:  [loader.0] file:/C:/Users/rroxa/.m2/repository/org/neo4j/app/neo4j-browser/2.2.5/neo4j-browser-2.2.5.jar
2016-03-27 17:46:14.236+0000 INFO  [o.n.k.i.DiagnosticsManager]:  [loader.2] file:/C:/Program%20Files/Java/jdk1.7.0_79/jre/lib/ext/sunjce_provider.jar
2016-03-27 17:46:14.236+0000 INFO  [o.n.k.i.DiagnosticsManager]:  [bootstrap] C:\Program Files\Java\jdk1.7.0_79\jre\lib\jsse.jar
2016-03-27 17:46:14.236+0000 INFO  [o.n.k.i.DiagnosticsManager]:  [loader.0] file:/C:/Users/rroxa/.m2/repository/org/springframework/boot/spring-boot/1.3.3.RELEASE/spring-boot-1.3.3.RELEASE.jar
2016-03-27 17:46:14.236+0000 INFO  [o.n.k.i.DiagnosticsManager]:  [loader.0] file:/C:/Users/rroxa/.m2/repository/org/scala-lang/scala-reflect/2.10.5/scala-reflect-2.10.5.jar
2016-03-27 17:46:14.236+0000 INFO  [o.n.k.i.DiagnosticsManager]:  [loader.0] file:/C:/Users/rroxa/.m2/repository/org/neo4j/3rdparty/javax/ws/rs/jsr311-api/1.1.2.r612/jsr311-api-1.1.2.r612.jar
2016-03-27 17:46:14.236+0000 INFO  [o.n.k.i.DiagnosticsManager]:  [loader.0] file:/C:/Users/rroxa/.m2/repository/commons-io/commons-io/2.4/commons-io-2.4.jar
2016-03-27 17:46:14.236+0000 INFO  [o.n.k.i.DiagnosticsManager]:  [loader.0] file:/C:/Users/rroxa/.m2/repository/org/neo4j/neo4j-udc/2.2.5/neo4j-udc-2.2.5.jar
2016-03-27 17:46:14.236+0000 INFO  [o.n.k.i.DiagnosticsManager]:  [loader.0] file:/C:/Users/rroxa/.m2/repository/org/springframework/spring-tx/4.2.5.RELEASE/spring-tx-4.2.5.RELEASE.jar
2016-03-27 17:46:14.236+0000 INFO  [o.n.k.i.DiagnosticsManager]:  [loader.0] file:/C:/Users/rroxa/.m2/repository/org/eclipse/jetty/jetty-webapp/9.2.15.v20160210/jetty-webapp-9.2.15.v20160210.jar
2016-03-27 17:46:14.236+0000 INFO  [o.n.k.i.DiagnosticsManager]:  [loader.0] file:/C:/Users/rroxa/.m2/repository/commons-beanutils/commons-beanutils/1.9.2/commons-beanutils-1.9.2.jar
2016-03-27 17:46:14.236+0000 INFO  [o.n.k.i.DiagnosticsManager]:  [loader.0] file:/C:/Users/rroxa/.m2/repository/commons-collections/commons-collections/3.2.2/commons-collections-3.2.2.jar
2016-03-27 17:46:14.236+0000 INFO  [o.n.k.i.DiagnosticsManager]:  [loader.0] file:/C:/Users/rroxa/.m2/repository/org/jvnet/mimepull/mimepull/1.9.3/mimepull-1.9.3.jar
2016-03-27 17:46:14.236+0000 INFO  [o.n.k.i.DiagnosticsManager]:  [loader.0] file:/C:/Users/rroxa/.m2/repository/commons-configuration/commons-configuration/1.10/commons-configuration-1.10.jar
2016-03-27 17:46:14.236+0000 INFO  [o.n.k.i.DiagnosticsManager]:  [loader.0] file:/C:/Users/rroxa/.m2/repository/org/neo4j/neo4j-cypher-compiler-2.2/2.2.5/neo4j-cypher-compiler-2.2-2.2.5.jar
2016-03-27 17:46:14.236+0000 INFO  [o.n.k.i.DiagnosticsManager]:  [loader.0] file:/C:/Users/rroxa/.m2/repository/org/parboiled/parboiled-scala_2.10/1.1.7/parboiled-scala_2.10-1.1.7.jar
2016-03-27 17:46:14.236+0000 INFO  [o.n.k.i.DiagnosticsManager]:  [loader.0] file:/C:/Users/rroxa/.m2/repository/org/scala-lang/scala-library/2.10.5/scala-library-2.10.5.jar
2016-03-27 17:46:14.236+0000 INFO  [o.n.k.i.DiagnosticsManager]:  [loader.0] file:/C:/Users/rroxa/.m2/repository/org/slf4j/log4j-over-slf4j/1.7.16/log4j-over-slf4j-1.7.16.jar
2016-03-27 17:46:14.236+0000 INFO  [o.n.k.i.DiagnosticsManager]:  [loader.0] file:/C:/Users/rroxa/.m2/repository/org/codehaus/jackson/jackson-mapper-asl/1.9.13/jackson-mapper-asl-1.9.13.jar
2016-03-27 17:46:14.236+0000 INFO  [o.n.k.i.DiagnosticsManager]:  [loader.0] file:/C:/Users/rroxa/.m2/repository/org/springframework/boot/spring-boot-starter-validation/1.3.3.RELEASE/spring-boot-starter-validation-1.3.3.RELEASE.jar
2016-03-27 17:46:14.236+0000 INFO  [o.n.k.i.DiagnosticsManager]:  [loader.0] file:/C:/Users/rroxa/.m2/repository/org/neo4j/neo4j-io/2.2.5/neo4j-io-2.2.5.jar
2016-03-27 17:46:14.236+0000 INFO  [o.n.k.i.DiagnosticsManager]:  [loader.0] file:/C:/Users/rroxa/.m2/repository/org/springframework/boot/spring-boot-starter/1.3.3.RELEASE/spring-boot-starter-1.3.3.RELEASE.jar
2016-03-27 17:46:14.236+0000 INFO  [o.n.k.i.DiagnosticsManager]:  [loader.2] file:/C:/Program%20Files/Java/jdk1.7.0_79/jre/lib/ext/sunec.jar
2016-03-27 17:46:14.236+0000 INFO  [o.n.k.i.DiagnosticsManager]:  [loader.0] file:/C:/Users/rroxa/.m2/repository/com/fasterxml/classmate/1.1.0/classmate-1.1.0.jar
2016-03-27 17:46:14.236+0000 INFO  [o.n.k.i.DiagnosticsManager]:  [loader.0] file:/C:/Users/rroxa/.m2/repository/org/springframework/spring-context/4.2.5.RELEASE/spring-context-4.2.5.RELEASE.jar
2016-03-27 17:46:14.236+0000 INFO  [o.n.k.i.DiagnosticsManager]:  [loader.0] file:/C:/Users/rroxa/.m2/repository/com/sun/jersey/jersey-servlet/1.19/jersey-servlet-1.19.jar
2016-03-27 17:46:14.236+0000 INFO  [o.n.k.i.DiagnosticsManager]:  [loader.0] file:/C:/Users/rroxa/.m2/repository/org/eclipse/jetty/jetty-util/9.2.15.v20160210/jetty-util-9.2.15.v20160210.jar
2016-03-27 17:46:14.236+0000 INFO  [o.n.k.i.DiagnosticsManager]:  [loader.0] file:/C:/Users/rroxa/Documents/universe-neo4j/graph/target/classes/
2016-03-27 17:46:14.236+0000 INFO  [o.n.k.i.DiagnosticsManager]:  [loader.0] file:/C:/Users/rroxa/.m2/repository/org/slf4j/slf4j-api/1.7.16/slf4j-api-1.7.16.jar
2016-03-27 17:46:14.236+0000 INFO  [o.n.k.i.DiagnosticsManager]:  [bootstrap] C:\Program Files\Java\jdk1.7.0_79\jre\lib\sunrsasign.jar
2016-03-27 17:46:14.236+0000 INFO  [o.n.k.i.DiagnosticsManager]:  [loader.0] file:/C:/Users/rroxa/.m2/repository/org/codehaus/jackson/jackson-core-asl/1.9.13/jackson-core-asl-1.9.13.jar
2016-03-27 17:46:14.236+0000 INFO  [o.n.k.i.DiagnosticsManager]:  [loader.0] file:/C:/Users/rroxa/.m2/repository/org/neo4j/neo4j-unsafe/2.2.5/neo4j-unsafe-2.2.5.jar
2016-03-27 17:46:14.236+0000 INFO  [o.n.k.i.DiagnosticsManager]: Library path:
2016-03-27 17:46:14.236+0000 INFO  [o.n.k.i.DiagnosticsManager]: C:\Program Files\Java\jdk1.7.0_79\bin
2016-03-27 17:46:14.236+0000 INFO  [o.n.k.i.DiagnosticsManager]: C:\Windows\Sun\Java\bin
2016-03-27 17:46:14.236+0000 INFO  [o.n.k.i.DiagnosticsManager]: C:\Windows\System32
2016-03-27 17:46:14.236+0000 INFO  [o.n.k.i.DiagnosticsManager]: C:\Windows
2016-03-27 17:46:14.236+0000 INFO  [o.n.k.i.DiagnosticsManager]: C:\Users\rroxa\bin
2016-03-27 17:46:14.236+0000 INFO  [o.n.k.i.DiagnosticsManager]: C:\Program Files\Git\mingw64\bin
2016-03-27 17:46:14.236+0000 INFO  [o.n.k.i.DiagnosticsManager]: C:\Program Files\Git\usr\local\bin
2016-03-27 17:46:14.236+0000 INFO  [o.n.k.i.DiagnosticsManager]: C:\Program Files\Git\usr\bin
2016-03-27 17:46:14.236+0000 INFO  [o.n.k.i.DiagnosticsManager]: C:\Program Files\Git\usr\bin
2016-03-27 17:46:14.236+0000 INFO  [o.n.k.i.DiagnosticsManager]: C:\Program Files\Git\mingw64\bin
2016-03-27 17:46:14.236+0000 INFO  [o.n.k.i.DiagnosticsManager]: C:\Program Files\Git\usr\bin
2016-03-27 17:46:14.236+0000 INFO  [o.n.k.i.DiagnosticsManager]: C:\Users\rroxa\bin
2016-03-27 17:46:14.236+0000 INFO  [o.n.k.i.DiagnosticsManager]: C:\python27_x64
2016-03-27 17:46:14.236+0000 INFO  [o.n.k.i.DiagnosticsManager]: C:\python27_x64\Scripts
2016-03-27 17:46:14.236+0000 INFO  [o.n.k.i.DiagnosticsManager]: C:\Windows\System32
2016-03-27 17:46:14.236+0000 INFO  [o.n.k.i.DiagnosticsManager]: C:\Windows
2016-03-27 17:46:14.236+0000 INFO  [o.n.k.i.DiagnosticsManager]: C:\Windows\System32\wbem
2016-03-27 17:46:14.236+0000 INFO  [o.n.k.i.DiagnosticsManager]: C:\Windows\System32\WindowsPowerShell\v1.0
2016-03-27 17:46:14.236+0000 INFO  [o.n.k.i.DiagnosticsManager]: C:\Program Files (x86)\Skype\Phone
2016-03-27 17:46:14.236+0000 INFO  [o.n.k.i.DiagnosticsManager]: C:\Users\rroxa\Documents\apache-maven-3.3.9\bin
2016-03-27 17:46:14.236+0000 INFO  [o.n.k.i.DiagnosticsManager]: C:\Program Files\Java\jdk1.7.0_79\bin
2016-03-27 17:46:14.236+0000 INFO  [o.n.k.i.DiagnosticsManager]: C:\Program Files (x86)\Google\Cloud SDK\google-cloud-sdk\bin
2016-03-27 17:46:14.236+0000 INFO  [o.n.k.i.DiagnosticsManager]: C:\Program Files (x86)\MySQL\MySQL Fabric 1.5 & MySQL Utilities 1.5
2016-03-27 17:46:14.236+0000 INFO  [o.n.k.i.DiagnosticsManager]: C:\Program Files (x86)\MySQL\MySQL Fabric 1.5 & MySQL Utilities 1.5\Doctrine extensions for PHP
2016-03-27 17:46:14.236+0000 INFO  [o.n.k.i.DiagnosticsManager]: C:\Program Files\nodejs
2016-03-27 17:46:14.236+0000 INFO  [o.n.k.i.DiagnosticsManager]: C:\HashiCorp\Vagrant\bin
2016-03-27 17:46:14.236+0000 INFO  [o.n.k.i.DiagnosticsManager]: C:\Windows\System32\config\systemprofile\.dnx\bin
2016-03-27 17:46:14.236+0000 INFO  [o.n.k.i.DiagnosticsManager]: C:\Program Files\Microsoft DNX\Dnvm
2016-03-27 17:46:14.236+0000 INFO  [o.n.k.i.DiagnosticsManager]: C:\Program Files (x86)\Windows Kits\8.1\Windows Performance Toolkit
2016-03-27 17:46:14.236+0000 INFO  [o.n.k.i.DiagnosticsManager]: C:\Program Files\Microsoft SQL Server\120\Tools\Binn
2016-03-27 17:46:14.236+0000 INFO  [o.n.k.i.DiagnosticsManager]: C:\Users\rroxa\AppData\Roaming\npm
2016-03-27 17:46:14.236+0000 INFO  [o.n.k.i.DiagnosticsManager]: C:\Program Files\Git\usr\bin\vendor_perl
2016-03-27 17:46:14.236+0000 INFO  [o.n.k.i.DiagnosticsManager]: C:\Program Files\Git\usr\bin\core_perl
2016-03-27 17:46:14.236+0000 INFO  [o.n.k.i.DiagnosticsManager]: C:\Users\rroxa\Documents\universe-neo4j\graph
2016-03-27 17:46:14.236+0000 INFO  [o.n.k.i.DiagnosticsManager]: System.properties:
2016-03-27 17:46:14.236+0000 INFO  [o.n.k.i.DiagnosticsManager]: sun.boot.library.path = C:\Program Files\Java\jdk1.7.0_79\jre\bin
2016-03-27 17:46:14.236+0000 INFO  [o.n.k.i.DiagnosticsManager]: maven.multiModuleProjectDirectory = C:/Users/rroxa/Documents/universe-neo4j/graph
2016-03-27 17:46:14.236+0000 INFO  [o.n.k.i.DiagnosticsManager]: guice.disable.misplaced.annotation.check = true
2016-03-27 17:46:14.236+0000 INFO  [o.n.k.i.DiagnosticsManager]: path.separator = ;
2016-03-27 17:46:14.236+0000 INFO  [o.n.k.i.DiagnosticsManager]: file.encoding.pkg = sun.io
2016-03-27 17:46:14.236+0000 INFO  [o.n.k.i.DiagnosticsManager]: user.country = GB
2016-03-27 17:46:14.236+0000 INFO  [o.n.k.i.DiagnosticsManager]: user.script = 
2016-03-27 17:46:14.236+0000 INFO  [o.n.k.i.DiagnosticsManager]: sun.java.launcher = SUN_STANDARD
2016-03-27 17:46:14.236+0000 INFO  [o.n.k.i.DiagnosticsManager]: sun.os.patch.level = 
2016-03-27 17:46:14.236+0000 INFO  [o.n.k.i.DiagnosticsManager]: PID = 11896
2016-03-27 17:46:14.236+0000 INFO  [o.n.k.i.DiagnosticsManager]: user.dir = C:\Users\rroxa\Documents\universe-neo4j\graph
2016-03-27 17:46:14.236+0000 INFO  [o.n.k.i.DiagnosticsManager]: org.jboss.logging.provider = slf4j
2016-03-27 17:46:14.236+0000 INFO  [o.n.k.i.DiagnosticsManager]: user.variant = 
2016-03-27 17:46:14.236+0000 INFO  [o.n.k.i.DiagnosticsManager]: classworlds.conf = C:/Users/rroxa/Documents/apache-maven-3.3.9/bin/m2.conf
2016-03-27 17:46:14.236+0000 INFO  [o.n.k.i.DiagnosticsManager]: sun.jnu.encoding = Cp1252
2016-03-27 17:46:14.236+0000 INFO  [o.n.k.i.DiagnosticsManager]: spring.beaninfo.ignore = true
2016-03-27 17:46:14.236+0000 INFO  [o.n.k.i.DiagnosticsManager]: sun.management.compiler = HotSpot 64-Bit Tiered Compilers
2016-03-27 17:46:14.236+0000 INFO  [o.n.k.i.DiagnosticsManager]: user.home = C:\Users\rroxa
2016-03-27 17:46:14.236+0000 INFO  [o.n.k.i.DiagnosticsManager]: user.timezone = Europe/Helsinki
2016-03-27 17:46:14.236+0000 INFO  [o.n.k.i.DiagnosticsManager]: file.encoding = Cp1252
2016-03-27 17:46:14.236+0000 INFO  [o.n.k.i.DiagnosticsManager]: password = root
2016-03-27 17:46:14.236+0000 INFO  [o.n.k.i.DiagnosticsManager]: username = neo4j
2016-03-27 17:46:14.236+0000 INFO  [o.n.k.i.DiagnosticsManager]: user.name = rroxa
2016-03-27 17:46:14.236+0000 INFO  [o.n.k.i.DiagnosticsManager]: sun.java.command = org.codehaus.plexus.classworlds.launcher.Launcher clean spring-boot:run
2016-03-27 17:46:14.236+0000 INFO  [o.n.k.i.DiagnosticsManager]: sun.arch.data.model = 64
2016-03-27 17:46:14.236+0000 INFO  [o.n.k.i.DiagnosticsManager]: user.language = en
2016-03-27 17:46:14.236+0000 INFO  [o.n.k.i.DiagnosticsManager]: awt.toolkit = sun.awt.windows.WToolkit
2016-03-27 17:46:14.236+0000 INFO  [o.n.k.i.DiagnosticsManager]: maven.home = C:\Users\rroxa\Documents\apache-maven-3.3.9
2016-03-27 17:46:14.236+0000 INFO  [o.n.k.i.DiagnosticsManager]: file.separator = \
2016-03-27 17:46:14.236+0000 INFO  [o.n.k.i.DiagnosticsManager]: sun.io.unicode.encoding = UnicodeLittle
2016-03-27 17:46:14.236+0000 INFO  [o.n.k.i.DiagnosticsManager]: sun.cpu.endian = little
2016-03-27 17:46:14.236+0000 INFO  [o.n.k.i.DiagnosticsManager]: sun.desktop = windows
2016-03-27 17:46:14.236+0000 INFO  [o.n.k.i.DiagnosticsManager]: sun.cpu.isalist = amd64
2016-03-27 17:46:14.236+0000 INFO  [o.n.k.i.DiagnosticsManager]: Network information:
2016-03-27 17:46:14.298+0000 INFO  [o.n.k.i.DiagnosticsManager]: Interface Software Loopback Interface 1:
2016-03-27 17:46:14.298+0000 INFO  [o.n.k.i.DiagnosticsManager]:     address: 127.0.0.1
2016-03-27 17:46:14.298+0000 INFO  [o.n.k.i.DiagnosticsManager]:     address: 0:0:0:0:0:0:0:1
2016-03-27 17:46:14.298+0000 INFO  [o.n.k.i.DiagnosticsManager]: Interface Microsoft ISATAP Adapter #3:
2016-03-27 17:46:14.298+0000 INFO  [o.n.k.i.DiagnosticsManager]:     address: fe80:0:0:0:0:5efe:a0b:c01%2
2016-03-27 17:46:14.298+0000 INFO  [o.n.k.i.DiagnosticsManager]: Interface Microsoft ISATAP Adapter #4:
2016-03-27 17:46:14.298+0000 INFO  [o.n.k.i.DiagnosticsManager]: Interface Broadcom 802.11n Network Adapter:
2016-03-27 17:46:14.298+0000 INFO  [o.n.k.i.DiagnosticsManager]:     address: 192.168.1.22
2016-03-27 17:46:14.298+0000 INFO  [o.n.k.i.DiagnosticsManager]:     address: fe80:0:0:0:5d91:30f6:9674:7565%4
2016-03-27 17:46:14.298+0000 INFO  [o.n.k.i.DiagnosticsManager]: Interface Microsoft Kernel Debug Network Adapter:
2016-03-27 17:46:14.298+0000 INFO  [o.n.k.i.DiagnosticsManager]: Interface Microsoft ISATAP Adapter #2:
2016-03-27 17:46:14.298+0000 INFO  [o.n.k.i.DiagnosticsManager]:     address: fe80:0:0:0:0:5efe:c0a8:3801%6
2016-03-27 17:46:14.298+0000 INFO  [o.n.k.i.DiagnosticsManager]: Interface Microsoft Wi-Fi Direct Virtual Adapter:
2016-03-27 17:46:14.298+0000 INFO  [o.n.k.i.DiagnosticsManager]:     address: fe80:0:0:0:e596:5d0f:a077:5c5a%7
2016-03-27 17:46:14.298+0000 INFO  [o.n.k.i.DiagnosticsManager]: Interface Bluetooth Device (RFCOMM Protocol TDI):
2016-03-27 17:46:14.298+0000 INFO  [o.n.k.i.DiagnosticsManager]: Interface Teredo Tunneling Pseudo-Interface:
2016-03-27 17:46:14.298+0000 INFO  [o.n.k.i.DiagnosticsManager]:     address: 2001:0:9d38:90d7:3c5d:1afb:a73f:7c35
2016-03-27 17:46:14.298+0000 INFO  [o.n.k.i.DiagnosticsManager]:     address: fe80:0:0:0:3c5d:1afb:a73f:7c35%9
2016-03-27 17:46:14.298+0000 INFO  [o.n.k.i.DiagnosticsManager]: Interface Realtek PCIe GBE Family Controller:
2016-03-27 17:46:14.298+0000 INFO  [o.n.k.i.DiagnosticsManager]:     address: fe80:0:0:0:8189:8a48:ae28:4874%10
2016-03-27 17:46:14.298+0000 INFO  [o.n.k.i.DiagnosticsManager]: Interface VirtualBox Host-Only Ethernet Adapter #2:
2016-03-27 17:46:14.298+0000 INFO  [o.n.k.i.DiagnosticsManager]:     address: 10.11.12.1
2016-03-27 17:46:14.298+0000 INFO  [o.n.k.i.DiagnosticsManager]:     address: fe80:0:0:0:9d52:f0f:1d42:c333%11
2016-03-27 17:46:14.298+0000 INFO  [o.n.k.i.DiagnosticsManager]: Interface Bluetooth Device (Personal Area Network):
2016-03-27 17:46:14.314+0000 INFO  [o.n.k.i.DiagnosticsManager]:     address: fe80:0:0:0:d54c:35a3:708c:e113%12
2016-03-27 17:46:14.314+0000 INFO  [o.n.k.i.DiagnosticsManager]: Interface Microsoft ISATAP Adapter:
2016-03-27 17:46:14.314+0000 INFO  [o.n.k.i.DiagnosticsManager]:     address: fe80:0:0:0:0:5efe:c0a8:116%13
2016-03-27 17:46:14.314+0000 INFO  [o.n.k.i.DiagnosticsManager]: Interface VirtualBox Host-Only Ethernet Adapter:
2016-03-27 17:46:14.314+0000 INFO  [o.n.k.i.DiagnosticsManager]:     address: 192.168.56.1
2016-03-27 17:46:14.314+0000 INFO  [o.n.k.i.DiagnosticsManager]:     address: fe80:0:0:0:b993:711:824f:b719%14
2016-03-27 17:46:14.314+0000 INFO  [o.n.k.i.DiagnosticsManager]: Interface VirtualBox Host-Only Ethernet Adapter-WFP Native MAC Layer LightWeight Filter-0000:
2016-03-27 17:46:14.314+0000 INFO  [o.n.k.i.DiagnosticsManager]: Interface VirtualBox Host-Only Ethernet Adapter-VirtualBox NDIS Light-Weight Filter-0000:
2016-03-27 17:46:14.314+0000 INFO  [o.n.k.i.DiagnosticsManager]: Interface VirtualBox Host-Only Ethernet Adapter-QoS Packet Scheduler-0000:
2016-03-27 17:46:14.314+0000 INFO  [o.n.k.i.DiagnosticsManager]: Interface VirtualBox Host-Only Ethernet Adapter-WFP 802.3 MAC Layer LightWeight Filter-0000:
2016-03-27 17:46:14.314+0000 INFO  [o.n.k.i.DiagnosticsManager]: Interface VirtualBox Host-Only Ethernet Adapter #2-WFP Native MAC Layer LightWeight Filter-0000:
2016-03-27 17:46:14.314+0000 INFO  [o.n.k.i.DiagnosticsManager]: Interface VirtualBox Host-Only Ethernet Adapter #2-VirtualBox NDIS Light-Weight Filter-0000:
2016-03-27 17:46:14.314+0000 INFO  [o.n.k.i.DiagnosticsManager]: Interface VirtualBox Host-Only Ethernet Adapter #2-QoS Packet Scheduler-0000:
2016-03-27 17:46:14.314+0000 INFO  [o.n.k.i.DiagnosticsManager]: Interface VirtualBox Host-Only Ethernet Adapter #2-WFP 802.3 MAC Layer LightWeight Filter-0000:
2016-03-27 17:46:14.314+0000 INFO  [o.n.k.i.DiagnosticsManager]: Interface Realtek PCIe GBE Family Controller-WFP Native MAC Layer LightWeight Filter-0000:
2016-03-27 17:46:14.314+0000 INFO  [o.n.k.i.DiagnosticsManager]: Interface Realtek PCIe GBE Family Controller-VirtualBox NDIS Light-Weight Filter-0000:
2016-03-27 17:46:14.315+0000 INFO  [o.n.k.i.DiagnosticsManager]: Interface Realtek PCIe GBE Family Controller-QoS Packet Scheduler-0000:
2016-03-27 17:46:14.315+0000 INFO  [o.n.k.i.DiagnosticsManager]: Interface Realtek PCIe GBE Family Controller-WFP 802.3 MAC Layer LightWeight Filter-0000:
2016-03-27 17:46:14.315+0000 INFO  [o.n.k.i.DiagnosticsManager]: Interface Broadcom 802.11n Network Adapter-WFP Native MAC Layer LightWeight Filter-0000:
2016-03-27 17:46:14.315+0000 INFO  [o.n.k.i.DiagnosticsManager]: Interface Broadcom 802.11n Network Adapter-Virtual WiFi Filter Driver-0000:
2016-03-27 17:46:14.315+0000 INFO  [o.n.k.i.DiagnosticsManager]: Interface Broadcom 802.11n Network Adapter-Native WiFi Filter Driver-0000:
2016-03-27 17:46:14.315+0000 INFO  [o.n.k.i.DiagnosticsManager]: Interface Broadcom 802.11n Network Adapter-VirtualBox NDIS Light-Weight Filter-0000:
2016-03-27 17:46:14.315+0000 INFO  [o.n.k.i.DiagnosticsManager]: Interface Broadcom 802.11n Network Adapter-QoS Packet Scheduler-0000:
2016-03-27 17:46:14.315+0000 INFO  [o.n.k.i.DiagnosticsManager]: Interface Broadcom 802.11n Network Adapter-WFP 802.3 MAC Layer LightWeight Filter-0000:
2016-03-27 17:46:14.315+0000 INFO  [o.n.k.i.DiagnosticsManager]: Interface Microsoft Wi-Fi Direct Virtual Adapter-WFP Native MAC Layer LightWeight Filter-0000:
2016-03-27 17:46:14.315+0000 INFO  [o.n.k.i.DiagnosticsManager]: Interface Microsoft Wi-Fi Direct Virtual Adapter-Native WiFi Filter Driver-0000:
2016-03-27 17:46:14.315+0000 INFO  [o.n.k.i.DiagnosticsManager]: Interface Microsoft Wi-Fi Direct Virtual Adapter-VirtualBox NDIS Light-Weight Filter-0000:
2016-03-27 17:46:14.315+0000 INFO  [o.n.k.i.DiagnosticsManager]: Interface Microsoft Wi-Fi Direct Virtual Adapter-QoS Packet Scheduler-0000:
2016-03-27 17:46:14.315+0000 INFO  [o.n.k.i.DiagnosticsManager]: Interface Microsoft Wi-Fi Direct Virtual Adapter-WFP 802.3 MAC Layer LightWeight Filter-0000:
2016-03-27 17:46:14.315+0000 INFO  [o.n.k.i.DiagnosticsManager]: --- INITIALIZED diagnostics END ---
2016-03-27 17:46:14.398+0000 INFO  [o.n.k.i.s.StoreFactory]: Creating new db @ default.graphdb\neostore
2016-03-27 17:46:17.664+0000 INFO  [o.n.k.a.i.i.LuceneLabelScanStore]: No lucene scan store index found, this might just be first use. Preparing to rebuild.
2016-03-27 17:46:17.711+0000 INFO  [o.n.k.a.i.i.LuceneLabelScanStore]: No lucene scan store index found, this might just be first use. Preparing to rebuild.
2016-03-27 17:46:17.780+0000 INFO  [o.n.k.NeoStoreDataSource]: Opened logical log [default.graphdb\neostore.transaction.db.0] version=0, lastTxId=1 (clean)
2016-03-27 17:46:17.796+0000 WARN  [o.n.k.i.s.StoreFactory]: Missing counts store, rebuilding it.
2016-03-27 17:46:17.931+0000 INFO  [o.n.k.a.i.i.LuceneLabelScanStore]: Rebuilding lucene scan store, this may take a while
2016-03-27 17:46:17.933+0000 INFO  [o.n.k.a.i.i.LuceneLabelScanStore]: Lucene scan store rebuilt (roughly -1 nodes)
2016-03-27 17:46:17.933+0000 INFO  [o.n.k.KernelHealth]: Kernel health set to OK
2016-03-27 17:46:18.565+0000 INFO  [o.n.k.i.DiagnosticsManager]: --- STARTED diagnostics for KernelDiagnostics:Versions START ---
2016-03-27 17:46:18.565+0000 INFO  [o.n.k.i.DiagnosticsManager]: Graph Database: org.neo4j.kernel.EmbeddedGraphDatabase StoreId{creationTime=1459100774398, randomId=6426174878125030218, storeVersion=14969031248344582, upgradeTime=1459100774398, upgradeId=1}
2016-03-27 17:46:18.565+0000 INFO  [o.n.k.i.DiagnosticsManager]: Kernel version: Neo4j - Browser (neo4j-browser), version: 2.2.5
2016-03-27 17:46:18.565+0000 INFO  [o.n.k.i.DiagnosticsManager]: Neo4j component versions:
2016-03-27 17:46:18.565+0000 INFO  [o.n.k.i.DiagnosticsManager]:   Neo4j - Lucene Index (neo4j-lucene-index), version: 2.2.5; revision: 2.2.5:2.2:151/cf9c7fe724d193d2d54c55eb0c82cc9036fc05d6-dirty
2016-03-27 17:46:18.565+0000 INFO  [o.n.k.i.DiagnosticsManager]:   Neo4j - JMX support (neo4j-jmx), version: 2.2.5; revision: 2.2.5:2.2:151/cf9c7fe724d193d2d54c55eb0c82cc9036fc05d6-dirty
2016-03-27 17:46:18.565+0000 INFO  [o.n.k.i.DiagnosticsManager]:   Neo4j - Graph Matching (neo4j-graph-matching), version: 2.2.5; revision: 2.2.5:2.2:151/cf9c7fe724d193d2d54c55eb0c82cc9036fc05d6-dirty
2016-03-27 17:46:18.565+0000 INFO  [o.n.k.i.DiagnosticsManager]:   Neo4j - Cypher Compiler 2.1 (neo4j-cypher-compiler-2.1), version: 2.1.8; revision: 2.1.8:2.1-maint:687/5c83ce3a5ddf33259593f719153ce71a6fe89fc7
2016-03-27 17:46:18.565+0000 INFO  [o.n.k.i.DiagnosticsManager]:   Neo4j - Server API (server-api), version: 2.2.5; revision: 2.2.5:2.2:151/cf9c7fe724d193d2d54c55eb0c82cc9036fc05d6-dirty
2016-03-27 17:46:18.565+0000 INFO  [o.n.k.i.DiagnosticsManager]:   Neo4j - Browser (neo4j-browser), version: 2.2.5; revision: 2.2.5:2.2:151/cf9c7fe724d193d2d54c55eb0c82cc9036fc05d6-dirty
2016-03-27 17:46:18.565+0000 INFO  [o.n.k.i.DiagnosticsManager]:   Neo4j - Cypher (neo4j-cypher), version: 2.2.5; revision: 2.2.5:2.2:151/cf9c7fe724d193d2d54c55eb0c82cc9036fc05d6-dirty
2016-03-27 17:46:18.565+0000 INFO  [o.n.k.i.DiagnosticsManager]:   Neo4j - Server (neo4j-server), version: 2.2.5; revision: 2.2.5:2.2:151/cf9c7fe724d193d2d54c55eb0c82cc9036fc05d6-dirty
2016-03-27 17:46:18.565+0000 INFO  [o.n.k.i.DiagnosticsManager]:   Neo4j - Graph Algorithms (neo4j-graph-algo), version: 2.2.5; revision: 2.2.5:2.2:151/cf9c7fe724d193d2d54c55eb0c82cc9036fc05d6-dirty
2016-03-27 17:46:18.565+0000 INFO  [o.n.k.i.DiagnosticsManager]:   Neo4j - Cypher Compiler 2.0 (neo4j-cypher-compiler-2.0), version: 2.0.4; revision: 2.0.4:2.0-maint:130/4a7d10bc274a5d26a180bbe9df25100e8a694748
2016-03-27 17:46:18.565+0000 INFO  [o.n.k.i.DiagnosticsManager]:   Neo4j - Cypher Compiler 2.2 (neo4j-cypher-compiler-2.2), version: 2.2.5; revision: 2.2.5:2.2:151/cf9c7fe724d193d2d54c55eb0c82cc9036fc05d6-dirty
2016-03-27 17:46:18.565+0000 INFO  [o.n.k.i.DiagnosticsManager]:   Neo4j - Consistency Checker (neo4j-consistency-check), version: 2.2.5; revision: 2.2.5:2.2:151/cf9c7fe724d193d2d54c55eb0c82cc9036fc05d6-dirty
2016-03-27 17:46:18.565+0000 INFO  [o.n.k.i.DiagnosticsManager]:   Neo4j - Community (neo4j), version: 2.2.5; revision: 2.2.5:2.2:151/cf9c7fe724d193d2d54c55eb0c82cc9036fc05d6-dirty
2016-03-27 17:46:18.565+0000 INFO  [o.n.k.i.DiagnosticsManager]:   Neo4j - Generic shell (neo4j-shell), version: 2.2.5; revision: 2.2.5:2.2:151/cf9c7fe724d193d2d54c55eb0c82cc9036fc05d6-dirty
2016-03-27 17:46:18.565+0000 INFO  [o.n.k.i.DiagnosticsManager]:   Neo4j - Cypher Compiler 1.9 (neo4j-cypher-compiler-1.9), version: 2.0.4; revision: 2.0.4:2.0-maint:130/4a7d10bc274a5d26a180bbe9df25100e8a694748
2016-03-27 17:46:18.565+0000 INFO  [o.n.k.i.DiagnosticsManager]:   neo4j-udc, version: 2.2.5; revision: 2.2.5:2.2:151/cf9c7fe724d193d2d54c55eb0c82cc9036fc05d6-dirty
2016-03-27 17:46:18.565+0000 INFO  [o.n.k.i.DiagnosticsManager]: --- STARTED diagnostics for KernelDiagnostics:Versions END ---
2016-03-27 17:46:18.565+0000 INFO  [o.n.k.i.DiagnosticsManager]: --- STARTED diagnostics for NEO_STORE_VERSIONS START ---
2016-03-27 17:46:18.565+0000 INFO  [o.n.k.i.DiagnosticsManager]: Store versions:
2016-03-27 17:46:18.565+0000 INFO  [o.n.k.i.DiagnosticsManager]: Store versions:
2016-03-27 17:46:18.565+0000 INFO  [o.n.k.i.DiagnosticsManager]:   NeoStore v0.A.5
2016-03-27 17:46:18.565+0000 INFO  [o.n.k.i.DiagnosticsManager]:   SchemaStore v0.A.5
2016-03-27 17:46:18.565+0000 INFO  [o.n.k.i.DiagnosticsManager]:   NodeStore v0.A.5
2016-03-27 17:46:18.565+0000 INFO  [o.n.k.i.DiagnosticsManager]:   RelationshipStore v0.A.5
2016-03-27 17:46:18.565+0000 INFO  [o.n.k.i.DiagnosticsManager]:   RelationshipTypeStore v0.A.5
2016-03-27 17:46:18.565+0000 INFO  [o.n.k.i.DiagnosticsManager]:   LabelTokenStore v0.A.5
2016-03-27 17:46:18.565+0000 INFO  [o.n.k.i.DiagnosticsManager]:   PropertyStore v0.A.5
2016-03-27 17:46:18.565+0000 INFO  [o.n.k.i.DiagnosticsManager]:   PropertyIndexStore v0.A.5
2016-03-27 17:46:18.565+0000 INFO  [o.n.k.i.DiagnosticsManager]:   StringPropertyStore v0.A.5
2016-03-27 17:46:18.565+0000 INFO  [o.n.k.i.DiagnosticsManager]:   ArrayPropertyStore v0.A.5
2016-03-27 17:46:18.565+0000 INFO  [o.n.k.i.DiagnosticsManager]:   RelationshipGroupStore v0.A.5
2016-03-27 17:46:18.565+0000 INFO  [o.n.k.i.DiagnosticsManager]: --- STARTED diagnostics for NEO_STORE_VERSIONS END ---
2016-03-27 17:46:18.565+0000 INFO  [o.n.k.i.DiagnosticsManager]: --- STARTED diagnostics for NEO_STORE_ID_USAGE START ---
2016-03-27 17:46:18.565+0000 INFO  [o.n.k.i.DiagnosticsManager]: Id usage:
2016-03-27 17:46:18.565+0000 INFO  [o.n.k.i.DiagnosticsManager]: Id usage:
2016-03-27 17:46:18.565+0000 INFO  [o.n.k.i.DiagnosticsManager]:   SchemaStore: used=1 high=0
2016-03-27 17:46:18.565+0000 INFO  [o.n.k.i.DiagnosticsManager]:   NodeStore: used=0 high=-1
2016-03-27 17:46:18.565+0000 INFO  [o.n.k.i.DiagnosticsManager]:   RelationshipStore: used=0 high=-1
2016-03-27 17:46:18.565+0000 INFO  [o.n.k.i.DiagnosticsManager]:   RelationshipTypeStore: used=0 high=-1
2016-03-27 17:46:18.581+0000 INFO  [o.n.k.i.DiagnosticsManager]:   LabelTokenStore: used=0 high=-1
2016-03-27 17:46:18.581+0000 INFO  [o.n.k.i.DiagnosticsManager]:   PropertyStore: used=0 high=-1
2016-03-27 17:46:18.581+0000 INFO  [o.n.k.i.DiagnosticsManager]:   PropertyIndexStore: used=0 high=-1
2016-03-27 17:46:18.581+0000 INFO  [o.n.k.i.DiagnosticsManager]:   StringPropertyStore: used=1 high=0
2016-03-27 17:46:18.581+0000 INFO  [o.n.k.i.DiagnosticsManager]:   ArrayPropertyStore: used=1 high=0
2016-03-27 17:46:18.581+0000 INFO  [o.n.k.i.DiagnosticsManager]:   RelationshipGroupStore: used=1 high=0
2016-03-27 17:46:18.581+0000 INFO  [o.n.k.i.DiagnosticsManager]: --- STARTED diagnostics for NEO_STORE_ID_USAGE END ---
2016-03-27 17:46:18.581+0000 INFO  [o.n.k.i.DiagnosticsManager]: --- STARTED diagnostics for KernelDiagnostics:StoreFiles START ---
2016-03-27 17:46:18.581+0000 INFO  [o.n.k.i.DiagnosticsManager]: Disk space on partition (Total / Free / Free %): 239530405888 / 165456003072 / 69
Storage files: (filename : modification date - size)
2016-03-27 17:46:18.581+0000 INFO  [o.n.k.i.DiagnosticsManager]:   index:
2016-03-27 17:46:18.581+0000 INFO  [o.n.k.i.DiagnosticsManager]:   - Total: 2016-03-27T20:46:17+0300 - 0.00 B
2016-03-27 17:46:18.581+0000 INFO  [o.n.k.i.DiagnosticsManager]:   lock: 2016-03-27T20:46:14+0300 - 0.00 B
2016-03-27 17:46:18.581+0000 INFO  [o.n.k.i.DiagnosticsManager]:   messages.log: 2016-03-27T20:46:17+0300 - 47.48 kB
2016-03-27 17:46:18.581+0000 INFO  [o.n.k.i.DiagnosticsManager]:   neostore: 2016-03-27T20:46:17+0300 - 99.00 B
2016-03-27 17:46:18.581+0000 INFO  [o.n.k.i.DiagnosticsManager]:   neostore.counts.db.a: 2016-03-27T20:46:17+0300 - 114.00 B
2016-03-27 17:46:18.581+0000 INFO  [o.n.k.i.DiagnosticsManager]:   neostore.id: 2016-03-27T20:46:17+0300 - 9.00 B
2016-03-27 17:46:18.581+0000 INFO  [o.n.k.i.DiagnosticsManager]:   neostore.labeltokenstore.db: 2016-03-27T20:46:17+0300 - 0.00 B
2016-03-27 17:46:18.581+0000 INFO  [o.n.k.i.DiagnosticsManager]:   neostore.labeltokenstore.db.id: 2016-03-27T20:46:16+0300 - 9.00 B
2016-03-27 17:46:18.581+0000 INFO  [o.n.k.i.DiagnosticsManager]:   neostore.labeltokenstore.db.names: 2016-03-27T20:46:17+0300 - 38.00 B
2016-03-27 17:46:18.581+0000 INFO  [o.n.k.i.DiagnosticsManager]:   neostore.labeltokenstore.db.names.id: 2016-03-27T20:46:16+0300 - 9.00 B
2016-03-27 17:46:18.581+0000 INFO  [o.n.k.i.DiagnosticsManager]:   neostore.nodestore.db: 2016-03-27T20:46:17+0300 - 0.00 B
2016-03-27 17:46:18.581+0000 INFO  [o.n.k.i.DiagnosticsManager]:   neostore.nodestore.db.id: 2016-03-27T20:46:17+0300 - 9.00 B
2016-03-27 17:46:18.581+0000 INFO  [o.n.k.i.DiagnosticsManager]:   neostore.nodestore.db.labels: 2016-03-27T20:46:17+0300 - 68.00 B
2016-03-27 17:46:18.581+0000 INFO  [o.n.k.i.DiagnosticsManager]:   neostore.nodestore.db.labels.id: 2016-03-27T20:46:17+0300 - 9.00 B
2016-03-27 17:46:18.581+0000 INFO  [o.n.k.i.DiagnosticsManager]:   neostore.propertystore.db: 2016-03-27T20:46:17+0300 - 0.00 B
2016-03-27 17:46:18.581+0000 INFO  [o.n.k.i.DiagnosticsManager]:   neostore.propertystore.db.arrays: 2016-03-27T20:46:17+0300 - 128.00 B
2016-03-27 17:46:18.581+0000 INFO  [o.n.k.i.DiagnosticsManager]:   neostore.propertystore.db.arrays.id: 2016-03-27T20:46:16+0300 - 9.00 B
2016-03-27 17:46:18.581+0000 INFO  [o.n.k.i.DiagnosticsManager]:   neostore.propertystore.db.id: 2016-03-27T20:46:16+0300 - 9.00 B
2016-03-27 17:46:18.581+0000 INFO  [o.n.k.i.DiagnosticsManager]:   neostore.propertystore.db.index: 2016-03-27T20:46:17+0300 - 0.00 B
2016-03-27 17:46:18.581+0000 INFO  [o.n.k.i.DiagnosticsManager]:   neostore.propertystore.db.index.id: 2016-03-27T20:46:16+0300 - 9.00 B
2016-03-27 17:46:18.581+0000 INFO  [o.n.k.i.DiagnosticsManager]:   neostore.propertystore.db.index.keys: 2016-03-27T20:46:17+0300 - 38.00 B
2016-03-27 17:46:18.581+0000 INFO  [o.n.k.i.DiagnosticsManager]:   neostore.propertystore.db.index.keys.id: 2016-03-27T20:46:16+0300 - 9.00 B
2016-03-27 17:46:18.581+0000 INFO  [o.n.k.i.DiagnosticsManager]:   neostore.propertystore.db.strings: 2016-03-27T20:46:17+0300 - 128.00 B
2016-03-27 17:46:18.596+0000 INFO  [o.n.k.i.DiagnosticsManager]:   neostore.propertystore.db.strings.id: 2016-03-27T20:46:16+0300 - 9.00 B
2016-03-27 17:46:18.596+0000 INFO  [o.n.k.i.DiagnosticsManager]:   neostore.relationshipgroupstore.db: 2016-03-27T20:46:17+0300 - 25.00 B
2016-03-27 17:46:18.596+0000 INFO  [o.n.k.i.DiagnosticsManager]:   neostore.relationshipgroupstore.db.id: 2016-03-27T20:46:17+0300 - 9.00 B
2016-03-27 17:46:18.596+0000 INFO  [o.n.k.i.DiagnosticsManager]:   neostore.relationshipstore.db: 2016-03-27T20:46:17+0300 - 0.00 B
2016-03-27 17:46:18.596+0000 INFO  [o.n.k.i.DiagnosticsManager]:   neostore.relationshipstore.db.id: 2016-03-27T20:46:17+0300 - 9.00 B
2016-03-27 17:46:18.596+0000 INFO  [o.n.k.i.DiagnosticsManager]:   neostore.relationshiptypestore.db: 2016-03-27T20:46:17+0300 - 0.00 B
2016-03-27 17:46:18.596+0000 INFO  [o.n.k.i.DiagnosticsManager]:   neostore.relationshiptypestore.db.id: 2016-03-27T20:46:16+0300 - 9.00 B
2016-03-27 17:46:18.596+0000 INFO  [o.n.k.i.DiagnosticsManager]:   neostore.relationshiptypestore.db.names: 2016-03-27T20:46:17+0300 - 38.00 B
2016-03-27 17:46:18.596+0000 INFO  [o.n.k.i.DiagnosticsManager]:   neostore.relationshiptypestore.db.names.id: 2016-03-27T20:46:16+0300 - 9.00 B
2016-03-27 17:46:18.596+0000 INFO  [o.n.k.i.DiagnosticsManager]:   neostore.schemastore.db: 2016-03-27T20:46:17+0300 - 64.00 B
2016-03-27 17:46:18.596+0000 INFO  [o.n.k.i.DiagnosticsManager]:   neostore.schemastore.db.id: 2016-03-27T20:46:17+0300 - 9.00 B
2016-03-27 17:46:18.596+0000 INFO  [o.n.k.i.DiagnosticsManager]:   neostore.transaction.db.0: 2016-03-27T20:46:17+0300 - 16.00 B
2016-03-27 17:46:18.596+0000 INFO  [o.n.k.i.DiagnosticsManager]:   schema:
2016-03-27 17:46:18.596+0000 INFO  [o.n.k.i.DiagnosticsManager]:     label:
2016-03-27 17:46:18.596+0000 INFO  [o.n.k.i.DiagnosticsManager]:       lucene:
2016-03-27 17:46:18.596+0000 INFO  [o.n.k.i.DiagnosticsManager]:         write.lock: 2016-03-27T20:46:17+0300 - 0.00 B
2016-03-27 17:46:18.596+0000 INFO  [o.n.k.i.DiagnosticsManager]:       - Total: 2016-03-27T20:46:17+0300 - 0.00 B
2016-03-27 17:46:18.596+0000 INFO  [o.n.k.i.DiagnosticsManager]:     - Total: 2016-03-27T20:46:17+0300 - 0.00 B
2016-03-27 17:46:18.596+0000 INFO  [o.n.k.i.DiagnosticsManager]:   - Total: 2016-03-27T20:46:17+0300 - 0.00 B
2016-03-27 17:46:18.596+0000 INFO  [o.n.k.i.DiagnosticsManager]:   store_lock: 2016-03-27T20:46:14+0300 - 0.00 B
2016-03-27 17:46:18.596+0000 INFO  [o.n.k.i.DiagnosticsManager]: --- STARTED diagnostics for KernelDiagnostics:StoreFiles END ---
2016-03-27 17:46:18.650+0000 INFO  [o.n.k.EmbeddedGraphDatabase]: Database is now ready
2016-03-27 17:46:19.451+0000 WARN  [o.n.k.EmbeddedGraphDatabase]: GC Monitor: Application threads blocked for 400ms.
2016-03-27 17:53:44.709+0000 INFO  [o.n.k.EmbeddedGraphDatabase]: Shutdown started
2016-03-27 17:53:44.709+0000 INFO  [o.n.k.EmbeddedGraphDatabase]: Database is now unavailable
2016-03-27 17:53:46.857+0000 INFO  [o.n.k.NeoStoreDataSource]: NeoStore closed
2016-03-27 17:53:46.857+0000 INFO  [o.n.k.i.DiagnosticsManager]: --- STOPPING diagnostics START ---
2016-03-27 17:53:46.857+0000 INFO  [o.n.k.i.DiagnosticsManager]: --- STOPPING diagnostics END ---
